0 info it worked if it ends with ok
1 verbose cli [ 'C:\\Program Files\\nodejs\\\\node.exe',
1 verbose cli   'C:\\Program Files\\nodejs\\node_modules\\npm\\bin\\npm-cli.js',
1 verbose cli   'publish' ]
2 info using npm@2.11.3
3 info using node@v0.12.7
4 verbose publish [ '.' ]
5 silly cache add args [ '.', null ]
6 verbose cache add spec .
7 silly cache add parsed spec { raw: '.',
7 silly cache add   scope: null,
7 silly cache add   name: null,
7 silly cache add   rawSpec: '.',
7 silly cache add   spec: 'C:\\Users\\HARMS\\Desktop\\My Projects\\Framework\\leaf.js',
7 silly cache add   type: 'directory' }
8 verbose addLocalDirectory C:\Users\HARMS\AppData\Roaming\npm-cache\Leaf.js\1.0.0\package.tgz not in flight; packing
9 verbose tar pack [ 'C:\\Users\\HARMS\\AppData\\Roaming\\npm-cache\\Leaf.js\\1.0.0\\package.tgz',
9 verbose tar pack   'C:\\Users\\HARMS\\Desktop\\My Projects\\Framework\\leaf.js' ]
10 verbose tarball C:\Users\HARMS\AppData\Roaming\npm-cache\Leaf.js\1.0.0\package.tgz
11 verbose folder C:\Users\HARMS\Desktop\My Projects\Framework\leaf.js
12 info prepublish Leaf.js@1.0.0
13 verbose addLocalTarball adding from inside cache C:\Users\HARMS\AppData\Roaming\npm-cache\Leaf.js\1.0.0\package.tgz
14 silly cache afterAdd Leaf.js@1.0.0
15 verbose afterAdd C:\Users\HARMS\AppData\Roaming\npm-cache\Leaf.js\1.0.0\package\package.json not in flight; writing
16 verbose afterAdd C:\Users\HARMS\AppData\Roaming\npm-cache\Leaf.js\1.0.0\package\package.json written
17 silly publish { name: 'Leaf.js',
17 silly publish   description: 'Leaf.js is a lightweight MV* framework for creating client-side web applications.',
17 silly publish   version: '1.0.0',
17 silly publish   author: { name: 'Eric Harms' },
17 silly publish   repository: {},
17 silly publish   devDependencies:
17 silly publish    { grunt: '~0.4.1',
17 silly publish      'grunt-contrib-concat': '~0.5.1',
17 silly publish      'grunt-contrib-jshint': '~0.10.0',
17 silly publish      'grunt-contrib-uglify': '~0.11.0',
17 silly publish      'http-server': '~0.6.1' },
17 silly publish   scripts: { start: 'http-server -a localhost -p 8000 -c-1' },
17 silly publish   license: 'MIT',
17 silly publish   readme: '# ![logo](https://github.com/leaf-web/leaf.js/raw/master/docs/images/logo.jpg).js\n\nLeaf.js is a lightweight MV* framework for creating client-side web applications.\n\n* [API Reference](docs/api.md)\n* [Contributing] (CONTRIBUTING.md)\n* [Gitter](https://gitter.im/leaf-js/lobby)\n\n## Building Leaf.js\n\nOnce you have setup your environment, run:\n\n    grunt\n\n## Browser Support\n\n| Browser            | Version |\n| ------------------ | ------- |\n| Internet Explorer  | 9+      |\n| Edge               | 12+     |\n| Firefox            | 42+     |\n| Chrome             | 45+     |\n| Safari             | 9+      |\n| Opera              | 34+     |\n| iOS Safari         | 8.4+    |\n| Android Browser    | 4.4+    |\n| Chrome for Android | 47+     |\n',
17 silly publish   readmeFilename: 'README.md',
17 silly publish   gitHead: 'a323515e968e77332586adc8a700a78e4b8d173f',
17 silly publish   _id: 'Leaf.js@1.0.0',
17 silly publish   _shasum: 'c2986c59c16be7103ce561f2fba53078b9c56dcb',
17 silly publish   _from: '.' }
18 verbose getPublishConfig undefined
19 silly mapToRegistry name Leaf.js
20 silly mapToRegistry using default registry
21 silly mapToRegistry registry https://registry.npmjs.org/
22 silly mapToRegistry uri https://registry.npmjs.org/Leaf.js
23 verbose publish registryBase https://registry.npmjs.org/
24 silly publish uploading C:\Users\HARMS\AppData\Roaming\npm-cache\Leaf.js\1.0.0\package.tgz
25 verbose request uri https://registry.npmjs.org/Leaf.js
26 verbose request sending authorization for write operation
27 info attempt registry request try #1 at 3:37:52 PM
28 verbose request using bearer token for auth
29 verbose request id 74714d1f363a6698
30 http request PUT https://registry.npmjs.org/Leaf.js
31 http 403 https://registry.npmjs.org/Leaf.js
32 verbose headers { 'content-type': 'application/json',
32 verbose headers   'cache-control': 'max-age=300',
32 verbose headers   'content-length': '95',
32 verbose headers   'accept-ranges': 'bytes',
32 verbose headers   date: 'Wed, 17 Aug 2016 20:37:52 GMT',
32 verbose headers   via: '1.1 varnish',
32 verbose headers   connection: 'keep-alive',
32 verbose headers   'x-served-by': 'cache-ord1748-ORD',
32 verbose headers   'x-cache': 'MISS',
32 verbose headers   'x-cache-hits': '0',
32 verbose headers   'x-timer': 'S1471466272.355025,VS0,VE599',
32 verbose headers   vary: 'Accept-Encoding' }
33 verbose request invalidating C:\Users\HARMS\AppData\Roaming\npm-cache\registry.npmjs.org\Leaf.js on PUT
34 error publish Failed PUT 403
35 verbose stack Error: "You cannot publish over the previously published version 1.0.0." : Leaf.js
35 verbose stack     at CachingRegistryClient.<anonymous> (C:\Program Files\nodejs\node_modules\npm\node_modules\npm-registry-client\lib\request.js:247:14)
35 verbose stack     at Request._callback (C:\Program Files\nodejs\node_modules\npm\node_modules\npm-registry-client\lib\request.js:170:14)
35 verbose stack     at Request.self.callback (C:\Program Files\nodejs\node_modules\npm\node_modules\request\request.js:354:22)
35 verbose stack     at Request.emit (events.js:110:17)
35 verbose stack     at Request.<anonymous> (C:\Program Files\nodejs\node_modules\npm\node_modules\request\request.js:1207:14)
35 verbose stack     at Request.emit (events.js:129:20)
35 verbose stack     at IncomingMessage.<anonymous> (C:\Program Files\nodejs\node_modules\npm\node_modules\request\request.js:1153:12)
35 verbose stack     at IncomingMessage.emit (events.js:129:20)
35 verbose stack     at _stream_readable.js:908:16
35 verbose stack     at process._tickCallback (node.js:355:11)
36 verbose statusCode 403
37 verbose pkgid Leaf.js
38 verbose cwd C:\Users\HARMS\Desktop\My Projects\Framework\leaf.js
39 error Windows_NT 6.1.7601
40 error argv "C:\\Program Files\\nodejs\\\\node.exe" "C:\\Program Files\\nodejs\\node_modules\\npm\\bin\\npm-cli.js" "publish"
41 error node v0.12.7
42 error npm  v2.11.3
43 error code E403
44 error "You cannot publish over the previously published version 1.0.0." : Leaf.js
45 error If you need help, you may report this error at:
45 error     <https://github.com/npm/npm/issues>
46 verbose exit [ 1, true ]
